** Message: 21:55:08.702: environement.vala:58: Exporting primary_variable
** Message: 21:55:08.702: environement.vala:59: desktop_environnement XDG_CURRENT_DESKTOP
** Message: 21:55:08.702: environement.vala:150: confir_dirs is null, export : /etc/xdg
** Message: 21:55:08.702: environement.vala:184: Exporting XDG_CONFIG_DIRS
** Message: 21:55:08.702: environement.vala:218: custom_data :
** Message: 21:55:08.702: environement.vala:219: data_dirs :/usr/share/fkms:/usr/local/share:/usr/share/raspi-ui-overrides:/usr/share:/usr/share/gdm:/var/lib/menu-xdg
** Message: 21:55:08.702: environement.vala:220: data_dirs not null, export : /usr/share/fkms:/usr/local/share:/usr/share/raspi-ui-overrides:/usr/share:/usr/share/gdm:/var/lib/menu-xdg
** Message: 21:55:08.702: environement.vala:225: Exporting XDG_DATA_DIRS
** Message: 21:55:08.713: utils.vala:127: User config used : /home/pi/.config/lxsession/LXDE-pi/desktop.conf
** Message: 21:55:08.713: utils.vala:148: Final file used : /home/pi/.config/lxsession/LXDE-pi/desktop.conf
** Message: 21:55:08.713: utils.vala:39: Config system location : /etc/xdg/lxsession/LXDE-pi
** Message: 21:55:08.713: utils.vala:45: System system path location : /etc/xdg/lxsession/LXDE-pi/desktop.conf
** Message: 21:55:08.715: settings.vala:540: Key file does not have key “iGtk/ColorScheme” in group “GTK”
** Message: 21:55:08.716: settings.vala:540: Key file does not have key “windows_manager/command” in group “Session”
** Message: 21:55:08.716: settings.vala:540: Key file does not have key “panel/command” in group “Session”
** Message: 21:55:08.716: settings.vala:540: Key file does not have key “dock/command” in group “Session”
** Message: 21:55:08.716: settings.vala:540: Key file does not have key “file_manager/command” in group “Session”
** Message: 21:55:08.716: settings.vala:540: Key file does not have key “desktop_manager/command” in group “Session”
** Message: 21:55:08.716: settings.vala:540: Key file does not have key “launcher_manager/autostart” in group “Session”
** Message: 21:55:08.716: settings.vala:540: Key file does not have key “composite_manager/command” in group “Session”
** Message: 21:55:08.716: settings.vala:540: Key file does not have key “im1/command” in group “Session”
** Message: 21:55:08.716: settings.vala:540: Key file does not have key “im2/command” in group “Session”
** Message: 21:55:08.716: settings.vala:540: Key file does not have key “widget1/command” in group “Session”
** Message: 21:55:08.716: settings.vala:540: Key file does not have key “notification/command” in group “Session”
** Message: 21:55:08.716: settings.vala:540: Key file does not have key “keybindings/command” in group “Session”
** Message: 21:55:08.716: settings.vala:540: Key file does not have key “im_manager/command” in group “Session”
** Message: 21:55:08.716: settings.vala:540: Key file does not have key “screensaver/command” in group “Session”
** Message: 21:55:08.717: settings.vala:540: Key file does not have key “power_manager/command” in group “Session”
** Message: 21:55:08.717: settings.vala:540: Key file does not have key “audio_manager/command” in group “Session”
** Message: 21:55:08.717: settings.vala:540: Key file does not have key “workspace_manager/command” in group “Session”
** Message: 21:55:08.717: settings.vala:540: Key file does not have key “screenshot_manager/command” in group “Session”
** Message: 21:55:08.717: settings.vala:540: Key file does not have key “message_manager/command” in group “Session”
** Message: 21:55:08.717: settings.vala:540: Key file does not have key “upgrade_manager/command” in group “Session”
** Message: 21:55:08.717: settings.vala:540: Key file does not have key “updates_manager/command” in group “Session”
** Message: 21:55:08.717: settings.vala:540: Key file does not have key “updates_manager/timeout” in group “Session”
** Message: 21:55:08.717: settings.vala:540: Key file does not have key “crash_manager/command” in group “Session”
** Message: 21:55:08.717: settings.vala:540: Key file does not have key “crash_manager/dev_mode” in group “Session”
** Message: 21:55:08.717: settings.vala:540: Key file does not have key “crash_manager/timeout” in group “Session”
** Message: 21:55:08.717: settings.vala:540: Key file does not have key “upstart_user_session” in group “Session”
** Message: 21:55:08.717: settings.vala:540: Key file does not have key “proxy_manager/http” in group “Session”
** Message: 21:55:08.717: settings.vala:540: Key file does not have key “a11y/command” in group “Session”
** Message: 21:55:08.717: settings.vala:540: Key file does not have key “xrandr/command” in group “Session”
** Message: 21:55:08.717: settings.vala:540: Key file does not have key “network_gui/command” in group “Session”
** Message: 21:55:08.717: settings.vala:540: Key file does not have key “webbrowser/command” in group “Session”
** Message: 21:55:08.718: settings.vala:540: Key file does not have key “email/command” in group “Session”
** Message: 21:55:08.718: settings.vala:540: Key file does not have key “pdf_reader/command” in group “Session”
** Message: 21:55:08.718: settings.vala:540: Key file does not have key “video_player/command” in group “Session”
** Message: 21:55:08.718: settings.vala:540: Key file does not have key “audio_player/command” in group “Session”
** Message: 21:55:08.718: settings.vala:540: Key file does not have key “images_display/command” in group “Session”
** Message: 21:55:08.718: settings.vala:540: Key file does not have key “text_editor/command” in group “Session”
** Message: 21:55:08.718: settings.vala:540: Key file does not have key “archive/command” in group “Session”
** Message: 21:55:08.718: settings.vala:540: Key file does not have key “charmap/command” in group “Session”
** Message: 21:55:08.718: settings.vala:540: Key file does not have key “calculator/command” in group “Session”
** Message: 21:55:08.719: settings.vala:540: Key file does not have key “spreadsheet/command” in group “Session”
** Message: 21:55:08.719: settings.vala:540: Key file does not have key “bittorent/command” in group “Session”
** Message: 21:55:08.719: settings.vala:540: Key file does not have key “document/command” in group “Session”
** Message: 21:55:08.719: settings.vala:540: Key file does not have key “webcam/command” in group “Session”
** Message: 21:55:08.719: settings.vala:540: Key file does not have key “burn/command” in group “Session”
** Message: 21:55:08.719: settings.vala:540: Key file does not have key “notes/command” in group “Session”
** Message: 21:55:08.719: settings.vala:540: Key file does not have key “disk_utility/command” in group “Session”
** Message: 21:55:08.719: settings.vala:540: Key file does not have key “tasks/command” in group “Session”
** Message: 21:55:08.720: settings.vala:540: Key file does not have group “Keymap”
** Message: 21:55:08.720: settings.vala:540: Key file does not have key “laptop_mode” in group “State”
** Message: 21:55:08.720: settings.vala:540: Key file does not have key “gnome” in group “Dbus”
** Message: 21:55:08.720: settings.vala:540: Key file does not have key “type” in group “Environment”
** Message: 21:55:08.720: settings.vala:540: Key file does not have key “ubuntu_menuproxy” in group “Environment”
** Message: 21:55:08.720: settings.vala:540: Key file does not have key “toolkit_integration” in group “Environment”
** Message: 21:55:08.720: settings.vala:540: Key file does not have key “gtk/overlay_scrollbar_disable” in group “Environment”
** Message: 21:55:08.720: settings.vala:540: Key file does not have key “qt/force_theme” in group “Environment”
** Message: 21:55:08.720: settings.vala:540: Key file does not have key “qt/platform” in group “Environment”
** Message: 21:55:08.721: settings.vala:462: Monitoring: /home/pi/.config/lxsession/LXDE-pi/desktop.conf
** Message: 21:55:08.721: settings.vala:466: Desktop file is already in config home, do nothing
** Message: 21:55:08.721: environement.vala:79: Exporting variable
** Message: 21:55:08.721: environement.vala:80: desktop_environnement XDG_CURRENT_DESKTOP
** Message: 21:55:08.721: environement.vala:177: custom_config :
** Message: 21:55:08.721: environement.vala:178: config_dirs :/etc/xdg
** Message: 21:55:08.721: environement.vala:179: confir_dirs not null, export : /etc/xdg
** Message: 21:55:08.721: environement.vala:184: Exporting XDG_CONFIG_DIRS
** Message: 21:55:08.722: environement.vala:218: custom_data :
** Message: 21:55:08.722: environement.vala:219: data_dirs :/usr/share/fkms:/usr/local/share:/usr/share/raspi-ui-overrides:/usr/share:/usr/share/gdm:/var/lib/menu-xdg
** Message: 21:55:08.722: environement.vala:220: data_dirs not null, export : /usr/share/fkms:/usr/local/share:/usr/share/raspi-ui-overrides:/usr/share:/usr/share/gdm:/var/lib/menu-xdg
** Message: 21:55:08.722: environement.vala:225: Exporting XDG_DATA_DIRS
** Message: 21:55:08.722: utils.vala:39: Config system location : /etc/xdg/lxsession/LXDE-pi
** Message: 21:55:08.722: utils.vala:45: System system path location : /etc/xdg/lxsession/LXDE-pi/desktop.conf
** Message: 21:55:08.722: environement.vala:254: No entry in [Environment_variable]. Key file does not have group “Environment_variable”
** Message: 21:55:08.727: utils.vala:138: Config system location : /etc/xdg/lxsession/LXDE-pi
** Message: 21:55:08.727: utils.vala:144: System system path location : /etc/xdg/lxsession/LXDE-pi/conffiles.conf
** Message: 21:55:08.727: utils.vala:148: Final file used : /etc/xdg/lxsession/LXDE-pi/conffiles.conf
** Message: 21:55:08.727: options.vala:164: Activate xsettings_manager build-in
** Message: 21:55:08.727: utils.vala:39: Config system location : /etc/xdg/lxsession/LXDE-pi
** Message: 21:55:08.727: utils.vala:45: System system path location : /etc/xdg/lxsession/LXDE-pi/desktop.conf
xprop:  no such property "_NET_NUMBER_OF_DESKTOPS"
xprop:  no such property "_NET_DESKTOP_NAMES"
** Message: 21:55:08.744: app.vala:721: polkit separate
** Message: 21:55:08.744: app.vala:721: polkit separate
** Message: 21:55:08.764: app.vala:76: Launching lxpolkit 
** Message: 21:55:08.764: utils.vala:138: Config system location : /etc/xdg/lxsession/LXDE-pi
** Message: 21:55:08.764: utils.vala:144: System system path location : /etc/xdg/lxsession/LXDE-pi/autostart
** Message: 21:55:08.764: utils.vala:148: Final file used : /etc/xdg/lxsession/LXDE-pi/autostart
** Message: 21:55:08.764: autostart.vala:42: Autostart path : /etc/xdg/lxsession/LXDE-pi/autostart
** Message: 21:55:08.780: app.vala:76: Launching lxpanel 
** Message: 21:55:08.795: app.vala:76: Launching pcmanfm 

** (lxsession:573): WARNING **: 21:55:08.814: app.vala:86: Failed to execute child process “xscreensaver” (No such file or directory)

** (lxsession:573): WARNING **: 21:55:08.814: app.vala:87: Error when launching xscreensaver
** Message: 21:55:08.829: options.vala:107: Create build-in Clipboard
** Message: 21:55:08.831: main.vala:441: Check keymap_mode (null)
** Message: 21:55:08.836: app.vala:76: Launching /usr/bin/ssh-agent 
SSH_AUTH_SOCK=/tmp/ssh-cQz5cTAGv4Sq/agent.687; export SSH_AUTH_SOCK;
SSH_AGENT_PID=689; export SSH_AGENT_PID;
echo Agent pid 689;
** Message: 21:55:08.963: app.vala:130: /usr/bin/ssh-agent exit with this type of exit: 0
** Message: 21:55:09.081: x-terminal-emulator has very limited support, consider choose another terminal
** Message: 21:55:09.081: x-terminal-emulator has very limited support, consider choose another terminal
Openbox-Message: Unable to find a valid menu file "/usr/share/lxde/openbox/menu.xml"
** Message: 21:55:10.465: Connecting ...
** Message: 21:55:10.465: Status changed to down
Unit pt-device-manager.service could not be found.

** (lxpanel:683): WARNING **: 21:55:10.836: Battery 0 not found
** Message: 21:55:11.477: Status changed to opened
** Message: 21:55:11.477: Connected to dhcpcd-8.1.2
** Message: 21:55:11.480: Status changed to connected
** Message: 21:55:11.480: eth0: Link is up, configuring
** Message: 21:55:11.480: wlan0: Associated with zanilulu
** Message: 21:55:11.480: wlan0: ROUTERADVERT
** Message: 21:55:11.483: wlan0: WPA status connected
** Message: 21:55:11.483: wlan0: Received scan results

(lxpanel:683): Gtk-CRITICAL **: 21:55:11.677: IA__gtk_image_set_from_pixbuf: assertion 'GTK_IS_IMAGE (image)' failed
** Message: 21:55:12.696: wlan0: Configured 192.168.100.9/24
** Message: 21:55:15.927: eth0: Configured 192.168.100.7/24
 --disable-quic --enable-tcp-fast-open --ppapi-flash-path=/usr/lib/chromium-browser/libpepflashplayer.so --ppapi-flash-args=enable_stagevideo_auto=0 --ppapi-flash-version=
[1152:1396:1225/215528.804768:ERROR:object_proxy.cc(632)] Failed to call method: org.freedesktop.DBus.Properties.Get: object_path= /org/freedesktop/UPower: org.freedesktop.DBus.Error.ServiceUnknown: The name org.freedesktop.UPower was not provided by any .service files
[1152:1396:1225/215528.806006:ERROR:object_proxy.cc(632)] Failed to call method: org.freedesktop.UPower.GetDisplayDevice: object_path= /org/freedesktop/UPower: org.freedesktop.DBus.Error.ServiceUnknown: The name org.freedesktop.UPower was not provided by any .service files
[1152:1396:1225/215528.807490:ERROR:object_proxy.cc(632)] Failed to call method: org.freedesktop.UPower.EnumerateDevices: object_path= /org/freedesktop/UPower: org.freedesktop.DBus.Error.ServiceUnknown: The name org.freedesktop.UPower was not provided by any .service files
[1196:1196:1225/215528.993051:ERROR:gl_surface_presentation_helper.cc(259)] GetVSyncParametersIfAvailable() failed for 1 times!
** Message: 21:46:29.530: wlan0: Received scan results
[1196:1196:1227/214706.043126:ERROR:gl_surface_presentation_helper.cc(259)] GetVSyncParametersIfAvailable() failed for 2 times!
** Message: 21:47:29.546: wlan0: Received scan results
** Message: 21:48:29.544: wlan0: Received scan results
** Message: 21:49:29.547: wlan0: Received scan results
** Message: 21:50:29.542: wlan0: Received scan results
[1196:1196:1227/215035.885288:ERROR:gl_surface_presentation_helper.cc(259)] GetVSyncParametersIfAvailable() failed for 3 times!
[1196:1196:1227/215035.893722:ERROR:gl_surface_presentation_helper.cc(259)] GetVSyncParametersIfAvailable() failed for 4 times!
** Message: 21:51:29.546: wlan0: Received scan results
** Message: 21:52:29.490: wlan0: Received scan results
[1196:1196:1227/215249.647676:ERROR:gl_surface_presentation_helper.cc(259)] GetVSyncParametersIfAvailable() failed for 5 times!
[1196:1196:1227/215303.916020:ERROR:gl_surface_presentation_helper.cc(259)] GetVSyncParametersIfAvailable() failed for 6 times!
[1196:1196:1227/215313.092566:ERROR:gl_surface_presentation_helper.cc(259)] GetVSyncParametersIfAvailable() failed for 7 times!
** Message: 21:53:29.449: wlan0: Received scan results
[1196:1196:1227/215347.413504:ERROR:gl_surface_presentation_helper.cc(259)] GetVSyncParametersIfAvailable() failed for 8 times!
[1196:1196:1227/215412.567323:ERROR:gl_surface_presentation_helper.cc(259)] GetVSyncParametersIfAvailable() failed for 9 times!
** Message: 21:54:29.485: wlan0: Received scan results
[1196:1196:1227/215456.971001:ERROR:gl_surface_presentation_helper.cc(259)] GetVSyncParametersIfAvailable() failed for 10 times!
** Message: 21:55:29.483: wlan0: Received scan results
** Message: 21:56:29.468: wlan0: Received scan results
** Message: 21:57:29.475: wlan0: Received scan results
[1196:1196:1227/215742.712177:ERROR:gl_surface_presentation_helper.cc(259)] GetVSyncParametersIfAvailable() failed for 11 times!
[1196:1196:1227/215742.727115:ERROR:gl_surface_presentation_helper.cc(259)] GetVSyncParametersIfAvailable() failed for 12 times!
** Message: 21:58:29.483: wlan0: Received scan results
[1196:1196:1227/215842.707908:ERROR:gl_surface_presentation_helper.cc(259)] GetVSyncParametersIfAvailable() failed for 13 times!
[1196:1196:1227/215916.299026:ERROR:gl_surface_presentation_helper.cc(259)] GetVSyncParametersIfAvailable() failed for 14 times!
[1196:1196:1227/215916.309382:ERROR:gl_surface_presentation_helper.cc(259)] GetVSyncParametersIfAvailable() failed for 15 times!
** Message: 21:59:29.491: wlan0: Received scan results
[2280:1:1227/215958.259634:ERROR:child_process_sandbox_support_impl_linux.cc(81)] FontService unique font name matching request did not receive a response.
[2280:1:1227/215958.263738:ERROR:child_process_sandbox_support_impl_linux.cc(81)] FontService unique font name matching request did not receive a response.
[2280:1:1227/215958.274326:ERROR:child_process_sandbox_support_impl_linux.cc(81)] FontService unique font name matching request did not receive a response.
[2280:1:1227/215958.275454:ERROR:child_process_sandbox_support_impl_linux.cc(81)] FontService unique font name matching request did not receive a response.
** Message: 22:00:29.445: wlan0: Received scan results
[1196:1196:1227/220033.665722:ERROR:gl_surface_presentation_helper.cc(259)] GetVSyncParametersIfAvailable() failed for 16 times!
[1196:1196:1227/220033.669730:ERROR:gl_surface_presentation_helper.cc(259)] GetVSyncParametersIfAvailable() failed for 17 times!
[1196:1196:1227/220122.447686:ERROR:gl_surface_presentation_helper.cc(259)] GetVSyncParametersIfAvailable() failed for 18 times!
[1196:1196:1227/220122.451802:ERROR:gl_surface_presentation_helper.cc(259)] GetVSyncParametersIfAvailable() failed for 19 times!
** Message: 22:01:29.468: wlan0: Received scan results
** Message: 22:02:29.448: wlan0: Received scan results
** Message: 22:03:29.466: wlan0: Received scan results
** Message: 22:04:29.448: wlan0: Received scan results
** Message: 22:05:29.451: wlan0: Received scan results
** Message: 22:06:29.448: wlan0: Received scan results
** Message: 22:07:29.469: wlan0: Received scan results
** Message: 22:08:29.461: wlan0: Received scan results
** Message: 22:09:29.465: wlan0: Received scan results
** Message: 22:10:29.457: wlan0: Received scan results
** Message: 22:11:29.447: wlan0: Received scan results
[1196:1196:1227/221130.592710:ERROR:shared_image_manager.cc(120)] SharedImageManager::ProduceGLTexture: Trying to produce a representation from a non-existent mailbox. AB:D8:56:AF:6A:3E:13:50:C9:28:04:04:7D:9E:A0:77
[1196:1196:1227/221130.592878:ERROR:gles2_cmd_decoder.cc(18526)] [.DisplayCompositor]GL ERROR :GL_INVALID_OPERATION : DoCreateAndTexStorage2DSharedImageINTERNAL: invalid mailbox name
[1196:1196:1227/221130.592941:ERROR:gles2_cmd_decoder.cc(18547)] [.DisplayCompositor]GL ERROR :GL_INVALID_OPERATION : DoBeginSharedImageAccessCHROMIUM: bound texture is not a shared image
[1196:1196:1227/221130.592999:ERROR:gles2_cmd_decoder.cc(18576)] [.DisplayCompositor]GL ERROR :GL_INVALID_OPERATION : DoEndSharedImageAccessCHROMIUM: bound texture is not a shared image
[1196:1196:1227/221130.593046:ERROR:shared_image_manager.cc(120)] SharedImageManager::ProduceGLTexture: Trying to produce a representation from a non-existent mailbox. F9:B9:83:BF:F1:6E:41:A8:A1:28:CA:82:2C:C9:1D:87
[1196:1196:1227/221130.593114:ERROR:gles2_cmd_decoder.cc(18526)] [.DisplayCompositor]GL ERROR :GL_INVALID_OPERATION : DoCreateAndTexStorage2DSharedImageINTERNAL: invalid mailbox name
[1196:1196:1227/221130.593161:ERROR:gles2_cmd_decoder.cc(18547)] [.DisplayCompositor]GL ERROR :GL_INVALID_OPERATION : DoBeginSharedImageAccessCHROMIUM: bound texture is not a shared image
[1196:1196:1227/221130.593213:ERROR:gles2_cmd_decoder.cc(18547)] [.DisplayCompositor]GL ERROR :GL_INVALID_OPERATION : DoBeginSharedImageAccessCHROMIUM: bound texture is not a shared image
[1196:1196:1227/221130.593306:ERROR:gles2_cmd_decoder.cc(10752)] [.DisplayCompositor]RENDER WARNING: texture bound to texture unit 0 is not renderable. It might be non-power-of-2 or have incompatible texture filtering (maybe)?
[1196:1196:1227/221130.593642:ERROR:gles2_cmd_decoder.cc(18576)] [.DisplayCompositor]GL ERROR :GL_INVALID_OPERATION : DoEndSharedImageAccessCHROMIUM: bound texture is not a shared image
[1196:1196:1227/221130.593727:ERROR:gles2_cmd_decoder.cc(18576)] [.DisplayCompositor]GL ERROR :GL_INVALID_OPERATION : DoEndSharedImageAccessCHROMIUM: bound texture is not a shared image
[1196:1196:1227/221130.593810:ERROR:gles2_cmd_decoder.cc(18547)] [.DisplayCompositor]GL ERROR :GL_INVALID_OPERATION : DoBeginSharedImageAccessCHROMIUM: bound texture is not a shared image
[1196:1196:1227/221130.593904:ERROR:gles2_cmd_decoder.cc(10752)] [.DisplayCompositor]RENDER WARNING: texture bound to texture unit 0 is not renderable. It might be non-power-of-2 or have incompatible texture filtering (maybe)?
[1196:1196:1227/221130.593996:ERROR:gles2_cmd_decoder.cc(18576)] [.DisplayCompositor]GL ERROR :GL_INVALID_OPERATION : DoEndSharedImageAccessCHROMIUM: bound texture is not a shared image
[1196:1196:1227/221130.594061:ERROR:shared_image_manager.cc(120)] SharedImageManager::ProduceGLTexture: Trying to produce a representation from a non-existent mailbox. 8C:E9:DA:F1:29:37:41:72:44:D8:65:4D:9A:59:A8:35
[1196:1196:1227/221130.594133:ERROR:gles2_cmd_decoder.cc(18526)] [.DisplayCompositor]GL ERROR :GL_INVALID_OPERATION : DoCreateAndTexStorage2DSharedImageINTERNAL: invalid mailbox name
[1196:1196:1227/221130.594194:ERROR:gles2_cmd_decoder.cc(18547)] [.DisplayCompositor]GL ERROR :GL_INVALID_OPERATION : DoBeginSharedImageAccessCHROMIUM: bound texture is not a shared image
[1196:1196:1227/221130.594237:ERROR:gles2_cmd_decoder.cc(18576)] [.DisplayCompositor]GL ERROR :GL_INVALID_OPERATION : DoEndSharedImageAccessCHROMIUM: bound texture is not a shared image
[1196:1196:1227/221130.594279:ERROR:shared_image_manager.cc(120)] SharedImageManager::ProduceGLTexture: Trying to produce a representation from a non-existent mailbox. D2:A0:D9:59:A8:25:7D:9E:B7:B4:CC:FF:1F:62:79:73
[1196:1196:1227/221130.594342:ERROR:gles2_cmd_decoder.cc(18526)] [.DisplayCompositor]GL ERROR :GL_INVALID_OPERATION : DoCreateAndTexStorage2DSharedImageINTERNAL: invalid mailbox name
[1196:1196:1227/221130.594386:ERROR:gles2_cmd_decoder.cc(18547)] [.DisplayCompositor]GL ERROR :GL_INVALID_OPERATION : DoBeginSharedImageAccessCHROMIUM: bound texture is not a shared image
[1196:1196:1227/221130.594441:ERROR:gles2_cmd_decoder.cc(18547)] [.DisplayCompositor]GL ERROR :GL_INVALID_OPERATION : DoBeginSharedImageAccessCHROMIUM: bound texture is not a shared image
[1196:1196:1227/221130.594516:ERROR:gles2_cmd_decoder.cc(10752)] [.DisplayCompositor]RENDER WARNING: texture bound to texture unit 0 is not renderable. It might be non-power-of-2 or have incompatible texture filtering (maybe)?
[1196:1196:1227/221130.594610:ERROR:gles2_cmd_decoder.cc(18576)] [.DisplayCompositor]GL ERROR :GL_INVALID_OPERATION : DoEndSharedImageAccessCHROMIUM: bound texture is not a shared image
[1196:1196:1227/221130.594661:ERROR:gles2_cmd_decoder.cc(18576)] [.DisplayCompositor]GL ERROR :GL_INVALID_OPERATION : DoEndSharedImageAccessCHROMIUM: bound texture is not a shared image
[1196:1196:1227/221130.594726:ERROR:gles2_cmd_decoder.cc(18547)] [.DisplayCompositor]GL ERROR :GL_INVALID_OPERATION : DoBeginSharedImageAccessCHROMIUM: bound texture is not a shared image
[1196:1196:1227/221130.594795:ERROR:gles2_cmd_decoder.cc(10752)] [.DisplayCompositor]RENDER WARNING: texture bound to texture unit 0 is not renderable. It might be non-power-of-2 or have incompatible texture filtering (maybe)?
[1196:1196:1227/221130.594900:ERROR:gles2_cmd_decoder.cc(18576)] [.DisplayCompositor]GL ERROR :GL_INVALID_OPERATION : DoEndSharedImageAccessCHROMIUM: bound texture is not a shared image
[1196:1196:1227/221130.822590:ERROR:gles2_cmd_decoder.cc(18547)] [.DisplayCompositor]GL ERROR :GL_INVALID_OPERATION : DoBeginSharedImageAccessCHROMIUM: bound texture is not a shared image
[1196:1196:1227/221130.822706:ERROR:gles2_cmd_decoder.cc(18576)] [.DisplayCompositor]GL ERROR :GL_INVALID_OPERATION : DoEndSharedImageAccessCHROMIUM: bound texture is not a shared image
[1196:1196:1227/221130.822765:ERROR:gles2_cmd_decoder.cc(18547)] [.DisplayCompositor]GL ERROR :GL_INVALID_OPERATION : DoBeginSharedImageAccessCHROMIUM: bound texture is not a shared image
[1196:1196:1227/221130.822827:ERROR:gles2_cmd_decoder.cc(18547)] [.DisplayCompositor]GL ERROR :GL_INVALID_OPERATION : DoBeginSharedImageAccessCHROMIUM: bound texture is not a shared image
[1196:1196:1227/221130.822959:ERROR:gles2_cmd_decoder.cc(10752)] [.DisplayCompositor]RENDER WARNING: texture bound to texture unit 0 is not renderable. It might be non-power-of-2 or have incompatible texture filtering (maybe)?
[1196:1196:1227/221130.823096:ERROR:gles2_cmd_decoder.cc(18576)] [.DisplayCompositor]GL ERROR :GL_INVALID_OPERATION : DoEndSharedImageAccessCHROMIUM: bound texture is not a shared image
[1196:1196:1227/221130.823164:ERROR:gles2_cmd_decoder.cc(18576)] [.DisplayCompositor]GL ERROR :GL_INVALID_OPERATION : DoEndSharedImageAccessCHROMIUM: bound texture is not a shared image
[1196:1196:1227/221130.823216:ERROR:gles2_cmd_decoder.cc(18547)] [.DisplayCompositor]GL ERROR :GL_INVALID_OPERATION : DoBeginSharedImageAccessCHROMIUM: bound texture is not a shared image
[1196:1196:1227/221130.823286:ERROR:gles2_cmd_decoder.cc(10752)] [.DisplayCompositor]RENDER WARNING: texture bound to texture unit 0 is not renderable. It might be non-power-of-2 or have incompatible texture filtering (maybe)?
[1196:1196:1227/221130.823401:ERROR:gles2_cmd_decoder.cc(18576)] [.DisplayCompositor]GL ERROR :GL_INVALID_OPERATION : DoEndSharedImageAccessCHROMIUM: bound texture is not a shared image
[1196:1196:1227/221130.823464:ERROR:gles2_cmd_decoder.cc(18547)] [.DisplayCompositor]GL ERROR :GL_INVALID_OPERATION : DoBeginSharedImageAccessCHROMIUM: bound texture is not a shared image
[1196:1196:1227/221130.823520:ERROR:gles2_cmd_decoder.cc(18576)] [.DisplayCompositor]GL ERROR :GL_INVALID_OPERATION : DoEndSharedImageAccessCHROMIUM: bound texture is not a shared image
[1196:1196:1227/221130.823578:ERROR:gles2_cmd_decoder.cc(18547)] [.DisplayCompositor]GL ERROR :GL_INVALID_OPERATION : DoBeginSharedImageAccessCHROMIUM: bound texture is not a shared image
[1196:1196:1227/221130.823634:ERROR:gles2_cmd_decoder.cc(18547)] [.DisplayCompositor]GL ERROR :GL_INVALID_OPERATION : DoBeginSharedImageAccessCHROMIUM: bound texture is not a shared image
[1196:1196:1227/221130.823715:ERROR:gles2_cmd_decoder.cc(10752)] [.DisplayCompositor]RENDER WARNING: texture bound to texture unit 0 is not renderable. It might be non-power-of-2 or have incompatible texture filtering (maybe)?
[1196:1196:1227/221130.823814:ERROR:gles2_cmd_decoder.cc(18576)] [.DisplayCompositor]GL ERROR :GL_INVALID_OPERATION : DoEndSharedImageAccessCHROMIUM: bound texture is not a shared image
[1196:1196:1227/221130.823872:ERROR:gles2_cmd_decoder.cc(18576)] [.DisplayCompositor]GL ERROR :GL_INVALID_OPERATION : DoEndSharedImageAccessCHROMIUM: bound texture is not a shared image
[1196:1196:1227/221130.823929:ERROR:gles2_cmd_decoder.cc(18547)] [.DisplayCompositor]GL ERROR :GL_INVALID_OPERATION : DoBeginSharedImageAccessCHROMIUM: bound texture is not a shared image
[1196:1196:1227/221130.824003:ERROR:gles2_cmd_decoder.cc(10752)] [.DisplayCompositor]RENDER WARNING: texture bound to texture unit 0 is not renderable. It might be non-power-of-2 or have incompatible texture filtering (maybe)?
[1196:1196:1227/221130.824098:ERROR:gles2_cmd_decoder.cc(18576)] [.DisplayCompositor]GL ERROR :GL_INVALID_OPERATION : DoEndSharedImageAccessCHROMIUM: bound texture is not a shared image
[1196:1196:1227/221130.837126:ERROR:gles2_cmd_decoder.cc(18547)] [.DisplayCompositor]GL ERROR :GL_INVALID_OPERATION : DoBeginSharedImageAccessCHROMIUM: bound texture is not a shared image
[1196:1196:1227/221130.837246:ERROR:gles2_cmd_decoder.cc(18576)] [.DisplayCompositor]GL ERROR :GL_INVALID_OPERATION : DoEndSharedImageAccessCHROMIUM: bound texture is not a shared image
[1196:1196:1227/221130.837297:ERROR:gles2_cmd_decoder.cc(18547)] [.DisplayCompositor]GL ERROR :GL_INVALID_OPERATION : DoBeginSharedImageAccessCHROMIUM: bound texture is not a shared image
[1196:1196:1227/221130.837357:ERROR:gles2_cmd_decoder.cc(18547)] [.DisplayCompositor]GL ERROR :GL_INVALID_OPERATION : DoBeginSharedImageAccessCHROMIUM: bound texture is not a shared image
[1196:1196:1227/221130.837449:ERROR:gles2_cmd_decoder.cc(10752)] [.DisplayCompositor]RENDER WARNING: texture bound to texture unit 0 is not renderable. It might be non-power-of-2 or have incompatible texture filtering (maybe)?
[1196:1196:1227/221130.837612:ERROR:gles2_cmd_decoder.cc(18576)] [.DisplayCompositor]GL ERROR :GL_INVALID_OPERATION : DoEndSharedImageAccessCHROMIUM: bound texture is not a shared image
[1196:1196:1227/221130.837679:ERROR:gles2_cmd_decoder.cc(18576)] [.DisplayCompositor]GL ERROR :GL_INVALID_OPERATION : DoEndSharedImageAccessCHROMIUM: bound texture is not a shared image
[1196:1196:1227/221130.837726:ERROR:gles2_cmd_decoder.cc(18547)] [.DisplayCompositor]GL ERROR :GL_INVALID_OPERATION : DoBeginSharedImageAccessCHROMIUM: bound texture is not a shared image
[1196:1196:1227/221130.837813:ERROR:gles2_cmd_decoder.cc(10752)] [.DisplayCompositor]RENDER WARNING: texture bound to texture unit 0 is not renderable. It might be non-power-of-2 or have incompatible texture filtering (maybe)?
[1196:1196:1227/221130.837926:ERROR:gles2_cmd_decoder.cc(18576)] [.DisplayCompositor]GL ERROR :GL_INVALID_OPERATION : DoEndSharedImageAccessCHROMIUM: bound texture is not a shared image
[1196:1196:1227/221130.838126:ERROR:gles2_cmd_decoder.cc(18547)] [.DisplayCompositor]GL ERROR :GL_INVALID_OPERATION : DoBeginSharedImageAccessCHROMIUM: bound texture is not a shared image
[1196:1196:1227/221130.838197:ERROR:gles2_cmd_decoder.cc(18576)] [.DisplayCompositor]GL ERROR :GL_INVALID_OPERATION : DoEndSharedImageAccessCHROMIUM: bound texture is not a shared image
[1196:1196:1227/221130.838248:ERROR:gles2_cmd_decoder.cc(18547)] [.DisplayCompositor]GL ERROR :GL_INVALID_OPERATION : DoBeginSharedImageAccessCHROMIUM: bound texture is not a shared image
[1196:1196:1227/221130.838310:ERROR:gles2_cmd_decoder.cc(18547)] [.DisplayCompositor]GL ERROR :GL_INVALID_OPERATION : DoBeginSharedImageAccessCHROMIUM: bound texture is not a shared image
[1196:1196:1227/221130.838436:ERROR:gles2_cmd_decoder.cc(10752)] [.DisplayCompositor]RENDER WARNING: texture bound to texture unit 0 is not renderable. It might be non-power-of-2 or have incompatible texture filtering (maybe)?
[1196:1196:1227/221130.838613:ERROR:gles2_cmd_decoder.cc(18576)] [.DisplayCompositor]GL ERROR :GL_INVALID_OPERATION : DoEndSharedImageAccessCHROMIUM: bound texture is not a shared image
[1196:1196:1227/221130.838757:ERROR:gles2_cmd_decoder.cc(18576)] [.DisplayCompositor]GL ERROR :GL_INVALID_OPERATION : DoEndSharedImageAccessCHROMIUM: bound texture is not a shared image
[1196:1196:1227/221130.838834:ERROR:gles2_cmd_decoder.cc(18547)] [.DisplayCompositor]GL ERROR :GL_INVALID_OPERATION : DoBeginSharedImageAccessCHROMIUM: bound texture is not a shared image
[1196:1196:1227/221130.839006:ERROR:gles2_cmd_decoder.cc(10752)] [.DisplayCompositor]RENDER WARNING: texture bound to texture unit 0 is not renderable. It might be non-power-of-2 or have incompatible texture filtering (maybe)?
[1196:1196:1227/221130.839274:ERROR:gles2_cmd_decoder.cc(18576)] [.DisplayCompositor]GL ERROR :GL_INVALID_OPERATION : DoEndSharedImageAccessCHROMIUM: bound texture is not a shared image
[1196:1196:1227/221130.853548:ERROR:gles2_cmd_decoder.cc(18547)] [.DisplayCompositor]GL ERROR :GL_INVALID_OPERATION : DoBeginSharedImageAccessCHROMIUM: bound texture is not a shared image
[1196:1196:1227/221130.853662:ERROR:gles2_cmd_decoder.cc(18576)] [.DisplayCompositor]GL ERROR :GL_INVALID_OPERATION : DoEndSharedImageAccessCHROMIUM: bound texture is not a shared image
[1196:1196:1227/221130.853713:ERROR:gles2_cmd_decoder.cc(18547)] [.DisplayCompositor]GL ERROR :GL_INVALID_OPERATION : DoBeginSharedImageAccessCHROMIUM: bound texture is not a shared image
[1196:1196:1227/221130.853772:ERROR:gles2_cmd_decoder.cc(18547)] [.DisplayCompositor]GL ERROR :GL_INVALID_OPERATION : DoBeginSharedImageAccessCHROMIUM: bound texture is not a shared image
[1196:1196:1227/221130.853867:ERROR:gles2_cmd_decoder.cc(10752)] [.DisplayCompositor]RENDER WARNING: texture bound to texture unit 0 is not renderable. It might be non-power-of-2 or have incompatible texture filtering (maybe)?
[1196:1196:1227/221130.853997:ERROR:gles2_cmd_decoder.cc(18576)] [.DisplayCompositor]GL ERROR :GL_INVALID_OPERATION : DoEndSharedImageAccessCHROMIUM: bound texture is not a shared image
[1196:1196:1227/221130.854086:ERROR:gles2_cmd_decoder.cc(18576)] [.DisplayCompositor]GL ERROR :GL_INVALID_OPERATION : DoEndSharedImageAccessCHROMIUM: bound texture is not a shared image
[1196:1196:1227/221130.854138:ERROR:gles2_cmd_decoder.cc(18547)] [.DisplayCompositor]GL ERROR :GL_INVALID_OPERATION : DoBeginSharedImageAccessCHROMIUM: bound texture is not a shared image
[1196:1196:1227/221130.854212:ERROR:gles2_cmd_decoder.cc(10752)] [.DisplayCompositor]RENDER WARNING: texture bound to texture unit 0 is not renderable. It might be non-power-of-2 or have incompatible texture filtering (maybe)?
[1196:1196:1227/221130.854323:ERROR:gles2_cmd_decoder.cc(18576)] [.DisplayCompositor]GL ERROR :GL_INVALID_OPERATION : DoEndSharedImageAccessCHROMIUM: bound texture is not a shared image
[1196:1196:1227/221130.854396:ERROR:gles2_cmd_decoder.cc(18547)] [.DisplayCompositor]GL ERROR :GL_INVALID_OPERATION : DoBeginSharedImageAccessCHROMIUM: bound texture is not a shared image
[1196:1196:1227/221130.854454:ERROR:gles2_cmd_decoder.cc(18576)] [.DisplayCompositor]GL ERROR :GL_INVALID_OPERATION : DoEndSharedImageAccessCHROMIUM: bound texture is not a shared image
[1196:1196:1227/221130.854508:ERROR:gles2_cmd_decoder.cc(18547)] [.DisplayCompositor]GL ERROR :GL_INVALID_OPERATION : DoBeginSharedImageAccessCHROMIUM: bound texture is not a shared image
[1196:1196:1227/221130.854565:ERROR:gles2_cmd_decoder.cc(18547)] [.DisplayCompositor]GL ERROR :GL_INVALID_OPERATION : DoBeginSharedImageAccessCHROMIUM: bound texture is not a shared image
[1196:1196:1227/221130.854651:ERROR:gles2_cmd_decoder.cc(10752)] [.DisplayCompositor]RENDER WARNING: texture bound to texture unit 0 is not renderable. It might be non-power-of-2 or have incompatible texture filtering (maybe)?
[1196:1196:1227/221130.854775:ERROR:gles2_cmd_decoder.cc(18576)] [.DisplayCompositor]GL ERROR :GL_INVALID_OPERATION : DoEndSharedImageAccessCHROMIUM: bound texture is not a shared image
[1196:1196:1227/221130.854845:ERROR:gles2_cmd_decoder.cc(18576)] [.DisplayCompositor]GL ERROR :GL_INVALID_OPERATION : DoEndSharedImageAccessCHROMIUM: bound texture is not a shared image
[1196:1196:1227/221130.854898:ERROR:gles2_cmd_decoder.cc(18547)] [.DisplayCompositor]GL ERROR :GL_INVALID_OPERATION : DoBeginSharedImageAccessCHROMIUM: bound texture is not a shared image
[1196:1196:1227/221130.855166:ERROR:gles2_cmd_decoder.cc(10752)] [.DisplayCompositor]RENDER WARNING: texture bound to texture unit 0 is not renderable. It might be non-power-of-2 or have incompatible texture filtering (maybe)?
[1196:1196:1227/221130.855430:ERROR:gles2_cmd_decoder.cc(18576)] [.DisplayCompositor]GL ERROR :GL_INVALID_OPERATION : DoEndSharedImageAccessCHROMIUM: bound texture is not a shared image
[1196:1196:1227/221130.869741:ERROR:gles2_cmd_decoder.cc(18547)] [.DisplayCompositor]GL ERROR :GL_INVALID_OPERATION : DoBeginSharedImageAccessCHROMIUM: bound texture is not a shared image
[1196:1196:1227/221130.869859:ERROR:gles2_cmd_decoder.cc(18576)] [.DisplayCompositor]GL ERROR :GL_INVALID_OPERATION : DoEndSharedImageAccessCHROMIUM: bound texture is not a shared image
[1196:1196:1227/221130.869913:ERROR:gles2_cmd_decoder.cc(18547)] [.DisplayCompositor]GL ERROR :GL_INVALID_OPERATION : DoBeginSharedImageAccessCHROMIUM: bound texture is not a shared image
[1196:1196:1227/221130.869976:ERROR:gles2_cmd_decoder.cc(18547)] [.DisplayCompositor]GL ERROR :GL_INVALID_OPERATION : DoBeginSharedImageAccessCHROMIUM: bound texture is not a shared image
[1196:1196:1227/221130.870072:ERROR:gles2_cmd_decoder.cc(10752)] [.DisplayCompositor]RENDER WARNING: texture bound to texture unit 0 is not renderable. It might be non-power-of-2 or have incompatible texture filtering (maybe)?
[1196:1196:1227/221130.870205:ERROR:gles2_cmd_decoder.cc(18576)] [.DisplayCompositor]GL ERROR :GL_INVALID_OPERATION : DoEndSharedImageAccessCHROMIUM: bound texture is not a shared image
[1196:1196:1227/221130.870269:ERROR:gles2_cmd_decoder.cc(18576)] [.DisplayCompositor]GL ERROR :GL_INVALID_OPERATION : DoEndSharedImageAccessCHROMIUM: bound texture is not a shared image
[1196:1196:1227/221130.870352:ERROR:gles2_cmd_decoder.cc(18547)] [.DisplayCompositor]GL ERROR :GL_INVALID_OPERATION : DoBeginSharedImageAccessCHROMIUM: bound texture is not a shared image
[1196:1196:1227/221130.870427:ERROR:gles2_cmd_decoder.cc(10752)] [.DisplayCompositor]RENDER WARNING: texture bound to texture unit 0 is not renderable. It might be non-power-of-2 or have incompatible texture filtering (maybe)?
[1196:1196:1227/221130.870522:ERROR:gles2_cmd_decoder.cc(18576)] [.DisplayCompositor]GL ERROR :GL_INVALID_OPERATION : DoEndSharedImageAccessCHROMIUM: bound texture is not a shared image
[1196:1196:1227/221130.870586:ERROR:gles2_cmd_decoder.cc(18547)] [.DisplayCompositor]GL ERROR :GL_INVALID_OPERATION : DoBeginSharedImageAccessCHROMIUM: bound texture is not a shared image
[1196:1196:1227/221130.870644:ERROR:gles2_cmd_decoder.cc(18576)] [.DisplayCompositor]GL ERROR :GL_INVALID_OPERATION : DoEndSharedImageAccessCHROMIUM: bound texture is not a shared image
[1196:1196:1227/221130.870698:ERROR:gles2_cmd_decoder.cc(18547)] [.DisplayCompositor]GL ERROR :GL_INVALID_OPERATION : DoBeginSharedImageAccessCHROMIUM: bound texture is not a shared image
[1196:1196:1227/221130.870755:ERROR:gles2_cmd_decoder.cc(18547)] [.DisplayCompositor]GL ERROR :GL_INVALID_OPERATION : DoBeginSharedImageAccessCHROMIUM: bound texture is not a shared image
[1196:1196:1227/221130.870829:ERROR:gles2_cmd_decoder.cc(10752)] [.DisplayCompositor]RENDER WARNING: texture bound to texture unit 0 is not renderable. It might be non-power-of-2 or have incompatible texture filtering (maybe)?
[1196:1196:1227/221130.870943:ERROR:gles2_cmd_decoder.cc(18576)] [.DisplayCompositor]GL ERROR :GL_INVALID_OPERATION : DoEndSharedImageAccessCHROMIUM: bound texture is not a shared image
[1196:1196:1227/221130.871009:ERROR:gles2_cmd_decoder.cc(18576)] [.DisplayCompositor]GL ERROR :GL_INVALID_OPERATION : DoEndSharedImageAccessCHROMIUM: bound texture is not a shared image
[1196:1196:1227/221130.871072:ERROR:gles2_cmd_decoder.cc(18547)] [.DisplayCompositor]GL ERROR :GL_INVALID_OPERATION : DoBeginSharedImageAccessCHROMIUM: bound texture is not a shared image
[1196:1196:1227/221130.871157:ERROR:gles2_cmd_decoder.cc(10752)] [.DisplayCompositor]RENDER WARNING: texture bound to texture unit 0 is not renderable. It might be non-power-of-2 or have incompatible texture filtering (maybe)?
[1196:1196:1227/221130.871271:ERROR:gles2_cmd_decoder.cc(18576)] [.DisplayCompositor]GL ERROR :GL_INVALID_OPERATION : DoEndSharedImageAccessCHROMIUM: bound texture is not a shared image
[1196:1196:1227/221130.885760:ERROR:gles2_cmd_decoder.cc(18547)] [.DisplayCompositor]GL ERROR :GL_INVALID_OPERATION : DoBeginSharedImageAccessCHROMIUM: bound texture is not a shared image
[1196:1196:1227/221130.885886:ERROR:gles2_cmd_decoder.cc(18576)] [.DisplayCompositor]GL ERROR :GL_INVALID_OPERATION : DoEndSharedImageAccessCHROMIUM: bound texture is not a shared image
[1196:1196:1227/221130.885944:ERROR:gles2_cmd_decoder.cc(18547)] [.DisplayCompositor]GL ERROR :GL_INVALID_OPERATION : DoBeginSharedImageAccessCHROMIUM: bound texture is not a shared image
[1196:1196:1227/221130.886050:ERROR:gles2_cmd_decoder.cc(18547)] [.DisplayCompositor]GL ERROR :GL_INVALID_OPERATION : DoBeginSharedImageAccessCHROMIUM: bound texture is not a shared image
[1196:1196:1227/221130.886145:ERROR:gles2_cmd_decoder.cc(10752)] [.DisplayCompositor]RENDER WARNING: texture bound to texture unit 0 is not renderable. It might be non-power-of-2 or have incompatible texture filtering (maybe)?
[1196:1196:1227/221130.886298:ERROR:gles2_cmd_decoder.cc(18576)] [.DisplayCompositor]GL ERROR :GL_INVALID_OPERATION : DoEndSharedImageAccessCHROMIUM: bound texture is not a shared image
[1196:1196:1227/221130.886379:ERROR:gles2_cmd_decoder.cc(18576)] [.DisplayCompositor]GL ERROR :GL_INVALID_OPERATION : DoEndSharedImageAccessCHROMIUM: bound texture is not a shared image
[1196:1196:1227/221130.886440:ERROR:gles2_cmd_decoder.cc(18547)] [.DisplayCompositor]GL ERROR :GL_INVALID_OPERATION : DoBeginSharedImageAccessCHROMIUM: bound texture is not a shared image
[1196:1196:1227/221130.886558:ERROR:gles2_cmd_decoder.cc(10752)] [.DisplayCompositor]RENDER WARNING: texture bound to texture unit 0 is not renderable. It might be non-power-of-2 or have incompatible texture filtering (maybe)?
[1196:1196:1227/221130.886666:ERROR:gles2_cmd_decoder.cc(18576)] [.DisplayCompositor]GL ERROR :GL_INVALID_OPERATION : DoEndSharedImageAccessCHROMIUM: bound texture is not a shared image
[1196:1196:1227/221130.886732:ERROR:gles2_cmd_decoder.cc(18547)] [.DisplayCompositor]GL ERROR :GL_INVALID_OPERATION : DoBeginSharedImageAccessCHROMIUM: bound texture is not a shared image
[1196:1196:1227/221130.886790:ERROR:gles2_cmd_decoder.cc(18576)] [.DisplayCompositor]GL ERROR :GL_INVALID_OPERATION : DoEndSharedImageAccessCHROMIUM: bound texture is not a shared image
[1196:1196:1227/221130.886843:ERROR:gles2_cmd_decoder.cc(18547)] [.DisplayCompositor]GL ERROR :GL_INVALID_OPERATION : DoBeginSharedImageAccessCHROMIUM: bound texture is not a shared image
[1196:1196:1227/221130.886895:ERROR:gles2_cmd_decoder.cc(18547)] [.DisplayCompositor]GL ERROR :GL_INVALID_OPERATION : DoBeginSharedImageAccessCHROMIUM: bound texture is not a shared image
[1196:1196:1227/221130.886972:ERROR:gles2_cmd_decoder.cc(10752)] [.DisplayCompositor]RENDER WARNING: texture bound to texture unit 0 is not renderable. It might be non-power-of-2 or have incompatible texture filtering (maybe)?
[1196:1196:1227/221130.887067:ERROR:gles2_cmd_decoder.cc(18576)] [.DisplayCompositor]GL ERROR :GL_INVALID_OPERATION : DoEndSharedImageAccessCHROMIUM: bound texture is not a shared image
[1196:1196:1227/221130.887122:ERROR:gles2_cmd_decoder.cc(18576)] [.DisplayCompositor]GL ERROR :GL_INVALID_OPERATION : DoEndSharedImageAccessCHROMIUM: bound texture is not a shared image
[1196:1196:1227/221130.887173:ERROR:gles2_cmd_decoder.cc(18547)] [.DisplayCompositor]GL ERROR :GL_INVALID_OPERATION : DoBeginSharedImageAccessCHROMIUM: bound texture is not a shared image
[1196:1196:1227/221130.887244:ERROR:gles2_cmd_decoder.cc(10752)] [.DisplayCompositor]RENDER WARNING: texture bound to texture unit 0 is not renderable. It might be non-power-of-2 or have incompatible texture filtering (maybe)?
[1196:1196:1227/221130.887352:ERROR:gles2_cmd_decoder.cc(18576)] [.DisplayCompositor]GL ERROR :GL_INVALID_OPERATION : DoEndSharedImageAccessCHROMIUM: bound texture is not a shared image
[1196:1196:1227/221130.917213:ERROR:gles2_cmd_decoder.cc(18547)] [.DisplayCompositor]GL ERROR :GL_INVALID_OPERATION : DoBeginSharedImageAccessCHROMIUM: bound texture is not a shared image
[1196:1196:1227/221130.917339:ERROR:gles2_cmd_decoder.cc(18576)] [.DisplayCompositor]GL ERROR :GL_INVALID_OPERATION : DoEndSharedImageAccessCHROMIUM: bound texture is not a shared image
[1196:1196:1227/221130.917390:ERROR:gles2_cmd_decoder.cc(18547)] [.DisplayCompositor]GL ERROR :GL_INVALID_OPERATION : DoBeginSharedImageAccessCHROMIUM: bound texture is not a shared image
[1196:1196:1227/221130.917444:ERROR:gles2_cmd_decoder.cc(18547)] [.DisplayCompositor]GL ERROR :GL_INVALID_OPERATION : DoBeginSharedImageAccessCHROMIUM: bound texture is not a shared image
[1196:1196:1227/221130.917535:ERROR:gles2_cmd_decoder.cc(10752)] [.DisplayCompositor]RENDER WARNING: texture bound to texture unit 0 is not renderable. It might be non-power-of-2 or have incompatible texture filtering (maybe)?
[1196:1196:1227/221130.917663:ERROR:gles2_cmd_decoder.cc(18576)] [.DisplayCompositor]GL ERROR :GL_INVALID_OPERATION : DoEndSharedImageAccessCHROMIUM: bound texture is not a shared image
[1196:1196:1227/221130.917727:ERROR:gles2_cmd_decoder.cc(18576)] [.DisplayCompositor]GL ERROR :GL_INVALID_OPERATION : DoEndSharedImageAccessCHROMIUM: bound texture is not a shared image
[1196:1196:1227/221130.917772:ERROR:gles2_cmd_decoder.cc(18547)] [.DisplayCompositor]GL ERROR :GL_INVALID_OPERATION : DoBeginSharedImageAccessCHROMIUM: bound texture is not a shared image
[1196:1196:1227/221130.917843:ERROR:gles2_cmd_decoder.cc(10752)] [.DisplayCompositor]RENDER WARNING: texture bound to texture unit 0 is not renderable. It might be non-power-of-2 or have incompatible texture filtering (maybe)?
[1196:1196:1227/221130.917967:ERROR:gles2_cmd_decoder.cc(18576)] [.DisplayCompositor]GL ERROR :GL_INVALID_OPERATION : DoEndSharedImageAccessCHROMIUM: bound texture is not a shared image
[1196:1196:1227/221130.918031:ERROR:gles2_cmd_decoder.cc(18547)] [.DisplayCompositor]GL ERROR :GL_INVALID_OPERATION : DoBeginSharedImageAccessCHROMIUM: bound texture is not a shared image
[1196:1196:1227/221130.918092:ERROR:gles2_cmd_decoder.cc(18576)] [.DisplayCompositor]GL ERROR :GL_INVALID_OPERATION : DoEndSharedImageAccessCHROMIUM: bound texture is not a shared image
[1196:1196:1227/221130.918145:ERROR:gles2_cmd_decoder.cc(18547)] [.DisplayCompositor]GL ERROR :GL_INVALID_OPERATION : DoBeginSharedImageAccessCHROMIUM: bound texture is not a shared image
[1196:1196:1227/221130.918200:ERROR:gles2_cmd_decoder.cc(18547)] [.DisplayCompositor]GL ERROR :GL_INVALID_OPERATION : DoBeginSharedImageAccessCHROMIUM: bound texture is not a shared image
[1196:1196:1227/221130.918276:ERROR:gles2_cmd_decoder.cc(10752)] [.DisplayCompositor]RENDER WARNING: texture bound to texture unit 0 is not renderable. It might be non-power-of-2 or have incompatible texture filtering (maybe)?
[1196:1196:1227/221130.918385:ERROR:gles2_cmd_decoder.cc(18576)] [.DisplayCompositor]GL ERROR :GL_INVALID_OPERATION : DoEndSharedImageAccessCHROMIUM: bound texture is not a shared image
[1196:1196:1227/221130.918445:ERROR:gles2_cmd_decoder.cc(18576)] [.DisplayCompositor]GL ERROR :GL_INVALID_OPERATION : DoEndSharedImageAccessCHROMIUM: bound texture is not a shared image
[1196:1196:1227/221130.918493:ERROR:gles2_cmd_decoder.cc(18547)] [.DisplayCompositor]GL ERROR :GL_INVALID_OPERATION : DoBeginSharedImageAccessCHROMIUM: bound texture is not a shared image
[1196:1196:1227/221130.918568:ERROR:gles2_cmd_decoder.cc(10752)] [.DisplayCompositor]RENDER WARNING: texture bound to texture unit 0 is not renderable. It might be non-power-of-2 or have incompatible texture filtering (maybe)?
[1196:1196:1227/221130.918660:ERROR:gles2_cmd_decoder.cc(18576)] [.DisplayCompositor]GL ERROR :GL_INVALID_OPERATION : DoEndSharedImageAccessCHROMIUM: bound texture is not a shared image
** Message: 22:12:29.453: wlan0: Received scan results
** Message: 22:13:29.458: wlan0: Received scan results
[2495:1:1227/221408.218217:ERROR:child_process_sandbox_support_impl_linux.cc(81)] FontService unique font name matching request did not receive a response.
[2495:1:1227/221408.219317:ERROR:child_process_sandbox_support_impl_linux.cc(81)] FontService unique font name matching request did not receive a response.
[2495:1:1227/221408.227951:ERROR:child_process_sandbox_support_impl_linux.cc(81)] FontService unique font name matching request did not receive a response.
[2495:1:1227/221408.229263:ERROR:child_process_sandbox_support_impl_linux.cc(81)] FontService unique font name matching request did not receive a response.
** Message: 22:14:29.494: wlan0: Received scan results
** Message: 22:15:29.480: wlan0: Received scan results
** Message: 22:16:29.490: wlan0: Received scan results
** Message: 22:17:29.499: wlan0: Received scan results
** Message: 22:18:29.496: wlan0: Received scan results
** Message: 22:19:29.493: wlan0: Received scan results
** Message: 22:20:29.536: wlan0: Received scan results

(mousepad:2927): Gtk-WARNING **: 22:21:01.911: Theme parsing error: <data>:2:29: The style property GtkButton:default-border is deprecated and shouldn't be used anymore. It will be removed in a future version

(mousepad:2927): Gtk-WARNING **: 22:21:01.911: Theme parsing error: <data>:3:37: The style property GtkButton:default-outside-border is deprecated and shouldn't be used anymore. It will be removed in a future version

(mousepad:2927): Gtk-WARNING **: 22:21:01.911: Theme parsing error: <data>:4:27: The style property GtkButton:inner-border is deprecated and shouldn't be used anymore. It will be removed in a future version

(mousepad:2927): Gtk-WARNING **: 22:21:01.911: Theme parsing error: <data>:5:31: The style property GtkWidget:focus-line-width is deprecated and shouldn't be used anymore. It will be removed in a future version

(mousepad:2927): Gtk-WARNING **: 22:21:01.911: Theme parsing error: <data>:6:28: The style property GtkWidget:focus-padding is deprecated and shouldn't be used anymore. It will be removed in a future version
** Message: 22:21:29.510: wlan0: Received scan results
** Message: 22:22:29.515: wlan0: Received scan results
** Message: 22:22:51.726: wlan0: Disassociated from zanilulu
** Message: 22:22:52.500: wlan0: Received scan results
** Message: 22:22:55.097: wlan0: Received scan results
** Message: 22:22:58.200: wlan0: Received scan results
** Message: 22:23:05.324: wlan0: Received scan results
** Message: 22:23:10.401: wlan0: Received scan results
** Message: 22:23:11.669: wlan0: Associated with zanilulu
** Message: 22:23:16.926: wlan0: Expired
** Message: 22:23:21.693: wlan0: Configured 169.254.106.53/16
** Message: 22:23:22.782: wlan0: Configured 192.168.100.9/24
** Message: 22:23:22.783: wlan0: Expired IPv4LL
** Message: 22:23:29.471: wlan0: Received scan results
** Message: 22:24:29.505: wlan0: Received scan results
** Message: 22:25:29.542: wlan0: Received scan results
** Message: 22:26:29.505: wlan0: Received scan results
** Message: 22:27:29.503: wlan0: Received scan results
** Message: 22:27:41.396: wlan0: Disassociated from zanilulu
** Message: 22:27:42.131: wlan0: Received scan results
** Message: 22:27:45.109: wlan0: Received scan results
** Message: 22:27:46.551: wlan0: Associated with zanilulu
** Message: 22:27:53.076: wlan0: Configured 192.168.100.9/24
** Message: 22:28:29.508: wlan0: Received scan results
** Message: 22:29:29.546: wlan0: Received scan results
** Message: 22:30:29.544: wlan0: Received scan results
** Message: 22:31:29.570: wlan0: Received scan results
** Message: 22:32:08.985: wlan0: Disassociated from zanilulu
** Message: 22:32:09.765: wlan0: Received scan results
** Message: 22:32:15.836: wlan0: Received scan results
** Message: 22:32:21.918: wlan0: Received scan results
** Message: 22:32:24.925: wlan0: Received scan results
** Message: 22:32:28.408: wlan0: Received scan results
** Message: 22:32:35.993: wlan0: Received scan results
** Message: 22:32:52.145: wlan0: Received scan results
** Message: 22:33:02.220: wlan0: Received scan results
** Message: 22:33:08.290: wlan0: Received scan results
** Message: 22:33:14.379: wlan0: Received scan results
** Message: 22:33:20.452: wlan0: Received scan results
** Message: 22:33:26.531: wlan0: Received scan results
** Message: 22:33:32.606: wlan0: Received scan results
** Message: 22:33:38.685: wlan0: Received scan results
** Message: 22:33:51.357: wlan0: Received scan results
** Message: 22:34:11.428: wlan0: Received scan results
** Message: 22:34:23.574: wlan0: Received scan results
** Message: 22:34:26.875: wlan0: Received scan results
** Message: 22:35:13.949: wlan0: Received scan results
** Message: 22:35:15.153: wlan0: Associated with zanilulu
** Message: 22:35:21.186: wlan0: Configured 192.168.100.9/24
** Message: 22:35:29.567: wlan0: Received scan results
** Message: 22:36:29.516: wlan0: Received scan results
** Message: 22:36:57.262: wlan0: Disassociated from zanilulu
** Message: 22:36:58.077: wlan0: Received scan results
** Message: 22:37:00.673: wlan0: Received scan results
** Message: 22:37:06.749: wlan0: Received scan results
** Message: 22:37:12.819: wlan0: Received scan results
** Message: 22:37:18.901: wlan0: Received scan results
** Message: 22:37:24.972: wlan0: Received scan results
** Message: 22:37:28.111: wlan0: Received scan results
** Message: 22:37:35.592: wlan0: Received scan results
** Message: 22:37:51.740: wlan0: Received scan results
** Message: 22:38:01.814: wlan0: Received scan results
** Message: 22:38:03.997: wlan0: Associated with zanilulu
** Message: 22:38:09.096: wlan0: Configured 192.168.100.9/24
** Message: 22:38:29.507: wlan0: Received scan results
** Message: 22:38:42.228: wlan0: Disassociated from zanilulu
** Message: 22:38:42.930: wlan0: Received scan results
** Message: 22:38:45.528: wlan0: Received scan results
** Message: 22:38:48.653: wlan0: Received scan results
** Message: 22:38:56.216: wlan0: Received scan results
** Message: 22:39:12.715: wlan0: Received scan results
** Message: 22:39:22.791: wlan0: Received scan results
** Message: 22:39:26.881: wlan0: Received scan results
** Message: 22:39:54.949: wlan0: Received scan results
** Message: 22:40:01.034: wlan0: Received scan results
** Message: 22:40:02.237: wlan0: Associated with zanilulu
** Message: 22:40:08.486: wlan0: Configured 192.168.100.9/24
** Message: 22:40:29.503: wlan0: Received scan results
** Message: 22:41:29.504: wlan0: Received scan results
** Message: 22:42:29.533: wlan0: Received scan results
** Message: 22:43:29.498: wlan0: Received scan results
